INFO:Fast AutoAugment:Start!
INFO:Fast AutoAugment:model: 0.1
INFO:Fast AutoAugment:augmentation: 1
INFO:Fast AutoAugment:augmentation: 2
INFO:Fast AutoAugment:augmentation: 3
INFO:Fast AutoAugment:augmentation: 4
INFO:Fast AutoAugment:model: 0.1
INFO:Fast AutoAugment:augmentation: 1
INFO:Fast AutoAugment:augmentation: 2
INFO:Fast AutoAugment:augmentation: 3
INFO:Fast AutoAugment:augmentation: 4
INFO:Fast AutoAugment:model: 0.1
INFO:Fast AutoAugment:augmentation: 1
INFO:Fast AutoAugment:augmentation: 2
INFO:Fast AutoAugment:augmentation: 3
INFO:Fast AutoAugment:augmentation: 4
INFO:Fast AutoAugment:model: 0.1
INFO:Fast AutoAugment:augmentation: 1
INFO:Fast AutoAugment:augmentation: 2
INFO:Fast AutoAugment:augmentation: 3
INFO:Fast AutoAugment:augmentation: 4
INFO:Fast AutoAugment:model: 0.1
INFO:Fast AutoAugment:augmentation: 1
INFO:Fast AutoAugment:augmentation: 2
INFO:Fast AutoAugment:augmentation: 3
INFO:Fast AutoAugment:augmentation: 4
INFO:Fast AutoAugment:model: 0.1
INFO:Fast AutoAugment:augmentation: 1
INFO:Fast AutoAugment:augmentation: 2
INFO:Fast AutoAugment:augmentation: 3
INFO:Fast AutoAugment:augmentation: 4
INFO:Fast AutoAugment:model: 0.1
INFO:Fast AutoAugment:augmentation: 1
INFO:Fast AutoAugment:augmentation: 2
INFO:Fast AutoAugment:augmentation: 3
INFO:Fast AutoAugment:augmentation: 4
INFO:Fast AutoAugment:model: 0.1
INFO:Fast AutoAugment:augmentation: 1
INFO:Fast AutoAugment:augmentation: 2
INFO:Fast AutoAugment:augmentation: 3
INFO:Fast AutoAugment:augmentation: 4
INFO:Fast AutoAugment:model: 0.1
INFO:Fast AutoAugment:augmentation: 1
INFO:Fast AutoAugment:augmentation: 2
INFO:Fast AutoAugment:augmentation: 3
INFO:Fast AutoAugment:augmentation: 4
INFO:Fast AutoAugment:Done...!
INFO:Fast AutoAugment:Start!
INFO:Fast AutoAugment:model: 0.1
INFO:Fast AutoAugment:augmentation: 1
INFO:Fast AutoAugment:augmentation: 2
INFO:Fast AutoAugment:augmentation: 3
INFO:Fast AutoAugment:augmentation: 4
INFO:Fast AutoAugment:model: 0.1
INFO:Fast AutoAugment:augmentation: 1
INFO:Fast AutoAugment:augmentation: 2
INFO:Fast AutoAugment:augmentation: 3
INFO:Fast AutoAugment:augmentation: 4
INFO:Fast AutoAugment:model: 0.1
INFO:Fast AutoAugment:augmentation: 1
INFO:Fast AutoAugment:augmentation: 2
INFO:Fast AutoAugment:augmentation: 3
INFO:Fast AutoAugment:augmentation: 4
INFO:Fast AutoAugment:model: 0.1
INFO:Fast AutoAugment:augmentation: 1
INFO:Fast AutoAugment:augmentation: 2
INFO:Fast AutoAugment:augmentation: 3
INFO:Fast AutoAugment:augmentation: 4
INFO:Fast AutoAugment:model: 0.1
INFO:Fast AutoAugment:augmentation: 1
INFO:Fast AutoAugment:augmentation: 2
INFO:Fast AutoAugment:augmentation: 3
INFO:Fast AutoAugment:augmentation: 4
INFO:Fast AutoAugment:model: 0.1
INFO:Fast AutoAugment:augmentation: 1
INFO:Fast AutoAugment:augmentation: 2
INFO:Fast AutoAugment:augmentation: 3
INFO:Fast AutoAugment:augmentation: 4
INFO:Fast AutoAugment:model: 0.1
INFO:Fast AutoAugment:augmentation: 1
INFO:Fast AutoAugment:augmentation: 2
INFO:Fast AutoAugment:augmentation: 3
INFO:Fast AutoAugment:augmentation: 4
INFO:Fast AutoAugment:model: 0.1
INFO:Fast AutoAugment:augmentation: 1
INFO:Fast AutoAugment:augmentation: 2
INFO:Fast AutoAugment:augmentation: 3
INFO:Fast AutoAugment:augmentation: 4
INFO:Fast AutoAugment:model: 0.1
INFO:Fast AutoAugment:augmentation: 1
INFO:Fast AutoAugment:augmentation: 2
INFO:Fast AutoAugment:augmentation: 3
INFO:Fast AutoAugment:augmentation: 4
INFO:Fast AutoAugment:Done...!
INFO:Fast AutoAugment:Start!
INFO:Fast AutoAugment:model: 0.1
INFO:Fast AutoAugment:augmentation: 1
INFO:Fast AutoAugment:augmentation: 2
INFO:Fast AutoAugment:augmentation: 3
INFO:Fast AutoAugment:augmentation: 4
INFO:Fast AutoAugment:model: 0.1
INFO:Fast AutoAugment:augmentation: 1
INFO:Fast AutoAugment:augmentation: 2
INFO:Fast AutoAugment:augmentation: 3
INFO:Fast AutoAugment:augmentation: 4
INFO:Fast AutoAugment:model: 0.1
INFO:Fast AutoAugment:augmentation: 1
INFO:Fast AutoAugment:augmentation: 2
INFO:Fast AutoAugment:augmentation: 3
INFO:Fast AutoAugment:augmentation: 4
INFO:Fast AutoAugment:model: 0.1
INFO:Fast AutoAugment:augmentation: 1
INFO:Fast AutoAugment:augmentation: 2
INFO:Fast AutoAugment:augmentation: 3
INFO:Fast AutoAugment:augmentation: 4
INFO:Fast AutoAugment:model: 0.1
INFO:Fast AutoAugment:augmentation: 1
INFO:Fast AutoAugment:augmentation: 2
INFO:Fast AutoAugment:augmentation: 3
INFO:Fast AutoAugment:augmentation: 4
INFO:Fast AutoAugment:model: 0.1
INFO:Fast AutoAugment:augmentation: 1
INFO:Fast AutoAugment:augmentation: 2
INFO:Fast AutoAugment:augmentation: 3
INFO:Fast AutoAugment:augmentation: 4
INFO:Fast AutoAugment:model: 0.1
INFO:Fast AutoAugment:augmentation: 1
INFO:Fast AutoAugment:augmentation: 2
INFO:Fast AutoAugment:augmentation: 3
INFO:Fast AutoAugment:augmentation: 4
INFO:Fast AutoAugment:model: 0.1
INFO:Fast AutoAugment:augmentation: 1
INFO:Fast AutoAugment:augmentation: 2
INFO:Fast AutoAugment:augmentation: 3
INFO:Fast AutoAugment:augmentation: 4
INFO:Fast AutoAugment:model: 0.1
INFO:Fast AutoAugment:augmentation: 1
INFO:Fast AutoAugment:augmentation: 2
INFO:Fast AutoAugment:augmentation: 3
INFO:Fast AutoAugment:augmentation: 4
INFO:Fast AutoAugment:Done...!
DEBUG:parso.python.diff:diff parser start
DEBUG:parso.python.diff:line_lengths old: 1; new: 1
DEBUG:parso.python.diff:-> code[replace] old[1:1] new[1:1]
DEBUG:parso.python.diff:parse_part from 1 to 1 (to 0 in part parser)
DEBUG:parso.python.diff:diff parser end
